TN:
SF:src/app/layout.tsx
FN:11,RootLayout
FNF:1
FNH:0
FNDA:0,RootLayout
DA:1,0
DA:3,0
DA:4,0
DA:6,0
DA:11,0
LF:5
LH:0
BRF:0
BRH:0
end_of_record
TN:
SF:src/app/page.tsx
FN:18,HomePage
FN:32,(anonymous_3)
FN:36,(anonymous_4)
FN:49,(anonymous_5)
FN:63,(anonymous_6)
FN:77,(anonymous_7)
FN:93,(anonymous_8)
FN:109,(anonymous_9)
FN:131,(anonymous_10)
FN:163,(anonymous_11)
FN:196,(anonymous_12)
FN:200,(anonymous_13)
FN:206,(anonymous_14)
FN:214,(anonymous_15)
FN:222,(anonymous_16)
FN:236,(anonymous_17)
FN:242,(anonymous_18)
FN:249,(anonymous_19)
FN:260,(anonymous_20)
FN:271,(anonymous_21)
FN:282,(anonymous_22)
FN:293,(anonymous_23)
FN:322,(anonymous_24)
FN:337,(anonymous_25)
FN:355,(anonymous_26)
FNF:25
FNH:0
FNDA:0,HomePage
FNDA:0,(anonymous_3)
FNDA:0,(anonymous_4)
FNDA:0,(anonymous_5)
FNDA:0,(anonymous_6)
FNDA:0,(anonymous_7)
FNDA:0,(anonymous_8)
FNDA:0,(anonymous_9)
FNDA:0,(anonymous_10)
FNDA:0,(anonymous_11)
FNDA:0,(anonymous_12)
FNDA:0,(anonymous_13)
FNDA:0,(anonymous_14)
FNDA:0,(anonymous_15)
FNDA:0,(anonymous_16)
FNDA:0,(anonymous_17)
FNDA:0,(anonymous_18)
FNDA:0,(anonymous_19)
FNDA:0,(anonymous_20)
FNDA:0,(anonymous_21)
FNDA:0,(anonymous_22)
FNDA:0,(anonymous_23)
FNDA:0,(anonymous_24)
FNDA:0,(anonymous_25)
FNDA:0,(anonymous_26)
DA:3,0
DA:4,0
DA:5,0
DA:6,0
DA:8,0
DA:9,0
DA:10,0
DA:11,0
DA:12,0
DA:13,0
DA:14,0
DA:15,0
DA:16,0
DA:18,0
DA:19,0
DA:20,0
DA:21,0
DA:22,0
DA:24,0
DA:25,0
DA:26,0
DA:27,0
DA:28,0
DA:29,0
DA:30,0
DA:32,0
DA:33,0
DA:36,0
DA:37,0
DA:38,0
DA:39,0
DA:40,0
DA:41,0
DA:43,0
DA:45,0
DA:49,0
DA:50,0
DA:51,0
DA:52,0
DA:53,0
DA:54,0
DA:55,0
DA:57,0
DA:59,0
DA:63,0
DA:64,0
DA:65,0
DA:66,0
DA:67,0
DA:68,0
DA:69,0
DA:71,0
DA:73,0
DA:77,0
DA:78,0
DA:79,0
DA:80,0
DA:81,0
DA:82,0
DA:83,0
DA:84,0
DA:85,0
DA:87,0
DA:89,0
DA:93,0
DA:94,0
DA:95,0
DA:96,0
DA:97,0
DA:98,0
DA:99,0
DA:100,0
DA:101,0
DA:103,0
DA:105,0
DA:109,0
DA:110,0
DA:111,0
DA:112,0
DA:113,0
DA:114,0
DA:117,0
DA:118,0
DA:119,0
DA:120,0
DA:121,0
DA:122,0
DA:123,0
DA:125,0
DA:127,0
DA:131,0
DA:132,0
DA:133,0
DA:134,0
DA:135,0
DA:136,0
DA:137,0
DA:138,0
DA:139,0
DA:141,0
DA:143,0
DA:163,0
DA:197,0
DA:201,0
DA:202,0
DA:207,0
DA:208,0
DA:215,0
DA:216,0
DA:223,0
DA:224,0
DA:236,0
DA:242,0
DA:250,0
DA:251,0
DA:261,0
DA:262,0
DA:272,0
DA:273,0
DA:283,0
DA:284,0
DA:294,0
DA:295,0
DA:323,0
DA:324,0
DA:338,0
DA:339,0
DA:356,0
DA:357,0
LF:129
LH:0
BRDA:55,0,0,0
BRDA:55,0,1,0
BRDA:78,1,0,0
BRDA:94,2,0,0
BRDA:110,3,0,0
BRDA:112,4,0,0
BRDA:112,5,0,0
BRDA:112,5,1,0
BRDA:132,6,0,0
BRDA:154,7,0,0
BRDA:154,7,1,0
BRDA:157,8,0,0
BRDA:157,8,1,0
BRDA:162,9,0,0
BRDA:174,10,0,0
BRDA:178,11,0,0
BRDA:181,12,0,0
BRDA:181,12,1,0
BRDA:184,13,0,0
BRDA:184,13,1,0
BRDA:186,14,0,0
BRDA:186,14,1,0
BRDA:190,15,0,0
BRDA:205,16,0,0
BRDA:205,16,1,0
BRDA:213,17,0,0
BRDA:213,17,1,0
BRDA:221,18,0,0
BRDA:221,18,1,0
BRDA:256,19,0,0
BRDA:278,20,0,0
BRDA:300,21,0,0
BRDA:344,22,0,0
BRF:33
BRH:0
end_of_record
TN:
SF:src/app/(auth)/login/page.tsx
FN:21,LoginPage
FN:35,(anonymous_6)
FNF:2
FNH:2
FNDA:35,LoginPage
FNDA:4,(anonymous_6)
DA:3,1
DA:4,1
DA:5,1
DA:6,1
DA:7,1
DA:8,1
DA:9,1
DA:10,1
DA:11,1
DA:12,1
DA:14,1
DA:21,13
DA:22,35
DA:23,35
DA:24,35
DA:30,34
DA:35,34
DA:36,4
DA:37,4
DA:38,4
DA:39,3
DA:40,3
DA:42,1
DA:43,1
DA:45,4
LF:25
LH:25
BRDA:75,0,0,34
BRDA:91,1,0,34
BRDA:101,2,0,1
BRDA:101,2,1,33
BRF:4
BRH:4
end_of_record
TN:
SF:src/app/(auth)/register/page.tsx
FN:14,RegisterPage
FN:16,(anonymous_3)
FN:28,(anonymous_4)
FNF:3
FNH:0
FNDA:0,RegisterPage
FNDA:0,(anonymous_3)
FNDA:0,(anonymous_4)
DA:3,0
DA:4,0
DA:5,0
DA:6,0
DA:7,0
DA:8,0
DA:10,0
DA:11,0
DA:12,0
DA:14,0
DA:15,0
DA:16,0
DA:17,0
DA:24,0
DA:26,0
DA:28,0
DA:29,0
DA:30,0
DA:31,0
DA:34,0
DA:35,0
DA:36,0
DA:37,0
DA:38,0
DA:39,0
DA:41,0
DA:43,0
LF:27
LH:0
BRDA:29,0,0,0
BRDA:80,1,0,0
BRDA:101,2,0,0
BRDA:122,3,0,0
BRDA:139,4,0,0
BRF:5
BRH:0
end_of_record
TN:
SF:src/components/ClientLayout.tsx
FN:8,ClientLayout
FN:13,(anonymous_3)
FN:17,(anonymous_4)
FNF:3
FNH:0
FNDA:0,ClientLayout
FNDA:0,(anonymous_3)
FNDA:0,(anonymous_4)
DA:3,0
DA:4,0
DA:5,0
DA:6,0
DA:8,0
DA:9,0
DA:10,0
DA:11,0
DA:13,0
DA:14,0
DA:17,0
DA:18,0
DA:19,0
DA:21,0
DA:22,0
DA:26,0
DA:28,0
LF:17
LH:0
BRDA:21,0,0,0
BRDA:21,1,0,0
BRDA:21,1,1,0
BRDA:21,1,2,0
BRDA:26,2,0,0
BRDA:26,2,1,0
BRDA:28,3,0,0
BRDA:41,4,0,0
BRDA:41,4,1,0
BRF:9
BRH:0
end_of_record
TN:
SF:src/components/Navbar.tsx
FN:7,Navbar
FN:11,(anonymous_3)
FNF:2
FNH:0
FNDA:0,Navbar
FNDA:0,(anonymous_3)
DA:1,0
DA:2,0
DA:3,0
DA:4,0
DA:5,0
DA:7,0
DA:8,0
DA:9,0
DA:11,0
DA:12,0
DA:13,0
LF:11
LH:0
BRDA:31,0,0,0
BRDA:34,1,0,0
BRDA:39,2,0,0
BRDA:39,2,1,0
BRDA:41,3,0,0
BRF:5
BRH:0
end_of_record
TN:
SF:src/components/PurchaseForm.tsx
FN:15,PurchaseForm
FNF:1
FNH:0
FNDA:0,PurchaseForm
DA:1,0
DA:3,0
DA:4,0
DA:5,0
DA:6,0
DA:15,0
DA:21,0
DA:25,0
DA:26,0
LF:9
LH:0
BRDA:26,0,0,0
BRDA:26,0,1,0
BRF:2
BRH:0
end_of_record
TN:
SF:src/components/SearchFilter.tsx
FN:12,SearchFilter
FN:15,(anonymous_3)
FN:22,(anonymous_4)
FNF:3
FNH:3
FNDA:44,SearchFilter
FNDA:2,(anonymous_3)
FNDA:3,(anonymous_4)
DA:1,1
DA:3,1
DA:4,1
DA:5,1
DA:12,21
DA:13,44
DA:15,44
DA:16,2
DA:17,2
DA:23,3
DA:28,3
LF:11
LH:11
BRDA:25,0,0,1
BRDA:25,0,1,2
BRDA:26,1,0,1
BRDA:26,1,1,2
BRF:4
BRH:4
end_of_record
TN:
SF:src/components/SweetCard.tsx
FN:17,SweetCard
FN:21,(anonymous_3)
FN:32,(anonymous_4)
FN:95,(anonymous_5)
FN:104,(anonymous_6)
FN:113,(anonymous_7)
FN:121,(anonymous_8)
FNF:7
FNH:6
FNDA:20,SweetCard
FNDA:20,(anonymous_3)
FNDA:20,(anonymous_4)
FNDA:1,(anonymous_5)
FNDA:1,(anonymous_6)
FNDA:0,(anonymous_7)
FNDA:1,(anonymous_8)
DA:1,1
DA:3,1
DA:4,1
DA:5,1
DA:6,1
DA:7,1
DA:17,20
DA:18,20
DA:19,20
DA:21,20
DA:22,20
DA:29,20
DA:32,20
DA:33,20
DA:40,20
DA:95,1
DA:104,1
DA:113,0
DA:121,1
LF:19
LH:18
BRDA:29,0,0,20
BRDA:29,0,1,0
BRDA:40,1,0,20
BRDA:40,1,1,0
BRDA:52,2,0,2
BRDA:56,3,0,1
BRDA:91,4,0,6
BRDA:127,5,0,2
BRDA:127,5,1,12
BRF:9
BRH:7
end_of_record
TN:
SF:src/components/SweetForm.tsx
FN:13,SweetForm
FN:51,(anonymous_3)
FNF:2
FNH:2
FNDA:66,SweetForm
FNDA:462,(anonymous_3)
DA:1,1
DA:3,1
DA:4,1
DA:13,25
DA:18,66
DA:27,66
DA:52,462
LF:7
LH:7
BRDA:19,0,0,66
BRDA:19,0,1,62
BRDA:57,1,0,66
BRDA:88,2,0,66
BRDA:88,2,1,66
BRDA:89,3,0,4
BRDA:89,3,1,62
BRF:7
BRH:7
end_of_record
TN:
SF:src/components/ui/Button.tsx
FN:12,(anonymous_1)
FNF:1
FNH:1
FNDA:302,(anonymous_1)
DA:1,5
DA:2,5
DA:3,5
DA:11,5
DA:13,302
DA:15,302
DA:22,302
DA:42,5
DA:44,302
LF:9
LH:9
BRDA:12,0,0,171
BRDA:12,1,0,268
BRDA:32,2,0,302
BRDA:32,2,1,297
BRDA:35,3,0,302
BRF:5
BRH:5
end_of_record
TN:
SF:src/components/ui/Card.tsx
FN:8,Card
FNF:1
FNH:1
FNDA:28,Card
DA:2,2
DA:8,28
LF:2
LH:2
BRDA:8,0,0,7
BRDA:13,1,0,28
BRDA:13,1,1,21
BRF:3
BRH:3
end_of_record
TN:
SF:src/components/ui/Input.tsx
FN:10,(anonymous_1)
FNF:1
FNH:1
FNDA:348,(anonymous_1)
DA:1,3
DA:2,3
DA:9,3
DA:11,348
DA:43,3
DA:45,348
LF:6
LH:6
BRDA:10,0,0,125
BRDA:11,1,0,348
BRDA:11,1,1,348
BRDA:11,1,2,18
BRDA:15,2,0,348
BRDA:29,3,0,16
BRDA:29,3,1,332
BRDA:35,4,0,348
BRF:8
BRH:8
end_of_record
TN:
SF:src/components/ui/Modal.tsx
FN:13,Modal
FN:14,(anonymous_2)
FN:20,(anonymous_3)
FNF:3
FNH:3
FNDA:15,Modal
FNDA:15,(anonymous_2)
FNDA:15,(anonymous_3)
DA:1,1
DA:2,1
DA:3,1
DA:13,15
DA:14,15
DA:15,15
DA:16,14
DA:18,1
DA:20,15
DA:21,15
DA:25,15
DA:27,14
LF:12
LH:12
BRDA:13,0,0,12
BRDA:15,1,0,14
BRDA:15,1,1,1
BRDA:25,2,0,1
BRDA:42,3,0,14
BRF:5
BRH:5
end_of_record
TN:
SF:src/lib/api.ts
FN:19,(anonymous_2)
FN:27,(anonymous_3)
FN:36,(anonymous_4)
FN:37,(anonymous_5)
FN:48,(anonymous_6)
FN:53,(anonymous_7)
FN:58,(anonymous_8)
FN:64,(anonymous_9)
FN:69,(anonymous_10)
FN:80,(anonymous_11)
FN:85,(anonymous_12)
FN:90,(anonymous_13)
FN:94,(anonymous_14)
FN:99,(anonymous_15)
FNF:14
FNH:10
FNDA:3,(anonymous_2)
FNDA:0,(anonymous_3)
FNDA:0,(anonymous_4)
FNDA:0,(anonymous_5)
FNDA:2,(anonymous_6)
FNDA:2,(anonymous_7)
FNDA:0,(anonymous_8)
FNDA:1,(anonymous_9)
FNDA:4,(anonymous_10)
FNDA:1,(anonymous_11)
FNDA:1,(anonymous_12)
FNDA:1,(anonymous_13)
FNDA:1,(anonymous_14)
FNDA:1,(anonymous_15)
DA:1,3
DA:14,3
DA:20,3
DA:27,3
DA:28,0
DA:29,0
DA:30,0
DA:32,0
DA:35,3
DA:36,0
DA:38,0
DA:39,0
DA:40,0
DA:41,0
DA:43,0
DA:49,2
DA:50,1
DA:54,2
DA:55,1
DA:59,0
DA:60,0
DA:65,1
DA:66,1
DA:70,4
DA:71,4
DA:72,4
DA:73,4
DA:74,4
DA:76,4
DA:77,4
DA:81,1
DA:82,1
DA:86,1
DA:87,1
DA:91,1
DA:95,1
DA:96,1
DA:100,1
DA:101,1
DA:105,14
LF:40
LH:28
BRDA:14,0,0,3
BRDA:14,0,1,3
BRDA:29,1,0,0
BRDA:38,2,0,0
BRDA:71,3,0,2
BRDA:72,4,0,2
BRDA:73,5,0,2
BRDA:74,6,0,2
BRF:8
BRH:6
end_of_record
TN:
SF:src/lib/utils.ts
FN:4,cn
FN:8,formatPrice
FN:15,getErrorMessage
FNF:3
FNH:3
FNDA:697,cn
FNDA:28,formatPrice
FNDA:8,getErrorMessage
DA:1,9
DA:2,9
DA:4,697
DA:5,697
DA:8,28
DA:9,28
DA:15,8
DA:16,8
DA:17,2
DA:18,1
DA:20,1
DA:23,6
LF:12
LH:12
BRDA:16,0,0,2
BRDA:17,1,0,1
BRDA:23,2,0,6
BRDA:23,2,1,4
BRF:4
BRH:4
end_of_record
TN:
SF:src/store/authStore.ts
FN:16,(anonymous_1)
FN:22,(anonymous_2)
FN:39,(anonymous_3)
FN:51,(anonymous_4)
FN:57,(anonymous_5)
FNF:5
FNH:5
FNDA:3,(anonymous_1)
FNDA:5,(anonymous_2)
FNDA:2,(anonymous_3)
FNDA:2,(anonymous_4)
FNDA:3,(anonymous_5)
DA:1,3
DA:2,3
DA:16,33
DA:23,5
DA:24,5
DA:25,4
DA:27,4
DA:29,4
DA:31,4
DA:33,4
DA:35,1
DA:40,2
DA:41,2
DA:42,1
DA:47,1
DA:52,2
DA:53,2
DA:54,2
DA:58,3
DA:59,3
DA:61,3
DA:62,2
DA:63,2
DA:64,1
DA:66,1
DA:69,1
LF:26
LH:26
BRDA:61,0,0,2
BRDA:61,0,1,1
BRDA:61,1,0,3
BRDA:61,1,1,2
BRF:4
BRH:4
end_of_record
